<?xml version="1.0" encoding="UTF-8"?>
<testsuite name="com.arus.drools.service.UsuariosServicioIntegrationTest" tests="3" skipped="0" failures="0" errors="0" timestamp="2021-08-26T18:28:18" hostname="ANGEL-MARIN" time="4.739">
  <properties/>
  <testcase name="cuandoPersonaSeRegistraConEPS002SuraYAdministradoraDePensionEsDiferenteAFP001ProteccionGenerarErrorValidacion" classname="com.arus.drools.service.UsuariosServicioIntegrationTest" time="4.181"/>
  <testcase name="cuandoPersonaSeRegistraConRCYAdministradorasDeSaludSonEPS003EPS004GenerarErrorValidacion" classname="com.arus.drools.service.UsuariosServicioIntegrationTest" time="0.312"/>
  <testcase name="cuandoAFP003YFechaDeAfiliacionInferior20201231GenerarErrorValidacion" classname="com.arus.drools.service.UsuariosServicioIntegrationTest" time="0.246"/>
  <system-out><![CDATA[[Las personas que se afilien a la administradora EPS002 Sura EPS solo pueden afiliarse a la administradora de pensión AFP001 Protección]
[Para una persona con tipo de documento RC Registro civil no es permitido afiliarse a las EPS: EPS003, EPS004]
[Para la administradora de pensión AFP003 solo es posible afiliarse después de  2020/12/31]
]]></system-out>
  <system-err><![CDATA[SLF4J: Failed to load class "org.slf4j.impl.StaticLoggerBinder".
SLF4J: Defaulting to no-operation (NOP) logger implementation
SLF4J: See http://www.slf4j.org/codes.html#StaticLoggerBinder for further details.
java.lang.instrument.IllegalClassFormatException: Error while instrumenting class org/drools/compiler/lang/DRL6Lexer.
	at org.jacoco.agent.rt.internal_8ff85ea.CoverageTransformer.transform(CoverageTransformer.java:93)
	at sun.instrument.TransformerManager.transform(TransformerManager.java:188)
	at sun.instrument.InstrumentationImpl.transform(InstrumentationImpl.java:428)
	at java.lang.ClassLoader.defineClass1(Native Method)
	at java.lang.ClassLoader.defineClass(ClassLoader.java:756)
	at java.security.SecureClassLoader.defineClass(SecureClassLoader.java:142)
	at java.net.URLClassLoader.defineClass(URLClassLoader.java:468)
	at java.net.URLClassLoader.access$100(URLClassLoader.java:74)
	at java.net.URLClassLoader$1.run(URLClassLoader.java:369)
	at java.net.URLClassLoader$1.run(URLClassLoader.java:363)
	at java.security.AccessController.doPrivileged(Native Method)
	at java.net.URLClassLoader.findClass(URLClassLoader.java:362)
	at java.lang.ClassLoader.loadClass(ClassLoader.java:418)
	at sun.misc.Launcher$AppClassLoader.loadClass(Launcher.java:352)
	at java.lang.ClassLoader.loadClass(ClassLoader.java:351)
	at org.drools.compiler.compiler.DRLFactory.getDRLLexer(DRLFactory.java:112)
	at org.drools.compiler.compiler.DRLFactory.buildLexer(DRLFactory.java:59)
	at org.drools.compiler.compiler.DrlParser.parse(DrlParser.java:163)
	at org.drools.compiler.compiler.DrlParser.parse(DrlParser.java:154)
	at org.drools.compiler.compiler.DrlParser.parse(DrlParser.java:144)
	at org.drools.compiler.builder.impl.KnowledgeBuilderImpl.drlToPackageDescr(KnowledgeBuilderImpl.java:504)
	at org.drools.compiler.builder.impl.CompositeKnowledgeBuilderImpl$8.map(CompositeKnowledgeBuilderImpl.java:395)
	at org.drools.compiler.builder.impl.CompositeKnowledgeBuilderImpl.buildResource(CompositeKnowledgeBuilderImpl.java:316)
	at org.drools.compiler.builder.impl.CompositeKnowledgeBuilderImpl.buildPackageDescr(CompositeKnowledgeBuilderImpl.java:296)
	at org.drools.compiler.builder.impl.CompositeKnowledgeBuilderImpl.buildPackages(CompositeKnowledgeBuilderImpl.java:113)
	at org.drools.compiler.builder.impl.CompositeKnowledgeBuilderImpl.build(CompositeKnowledgeBuilderImpl.java:104)
	at org.drools.compiler.kie.builder.impl.AbstractKieModule.buildKnowledgePackages(AbstractKieModule.java:240)
	at org.drools.compiler.kie.builder.impl.AbstractKieProject.verify(AbstractKieProject.java:64)
	at org.drools.compiler.kie.builder.impl.KieBuilderImpl.buildKieProject(KieBuilderImpl.java:229)
	at org.drools.compiler.kie.builder.impl.KieBuilderImpl.buildAll(KieBuilderImpl.java:197)
	at com.arus.drools.config.MotorDeReglasDrools.cargarModuloConocimientoValidacionUsuarios(MotorDeReglasDrools.java:31)
	at com.arus.usuarios.servicio.UsuarioService.<init>(UsuarioService.java:12)
	at com.arus.drools.service.UsuariosServicioIntegrationTest.setup(UsuariosServicioIntegrationTest.java:25)
	at sun.reflect.NativeMethodAccessorImpl.invoke0(Native Method)
	at sun.reflect.NativeMethodAccessorImpl.invoke(NativeMethodAccessorImpl.java:62)
	at sun.reflect.DelegatingMethodAccessorImpl.invoke(DelegatingMethodAccessorImpl.java:43)
	at java.lang.reflect.Method.invoke(Method.java:498)
	at org.junit.runners.model.FrameworkMethod$1.runReflectiveCall(FrameworkMethod.java:50)
	at org.junit.internal.runners.model.ReflectiveCallable.run(ReflectiveCallable.java:12)
	at org.junit.runners.model.FrameworkMethod.invokeExplosively(FrameworkMethod.java:47)
	at org.junit.internal.runners.statements.RunBefores.evaluate(RunBefores.java:24)
	at org.junit.runners.ParentRunner.runLeaf(ParentRunner.java:325)
	at org.junit.runners.BlockJUnit4ClassRunner.runChild(BlockJUnit4ClassRunner.java:78)
	at org.junit.runners.BlockJUnit4ClassRunner.runChild(BlockJUnit4ClassRunner.java:57)
	at org.junit.runners.ParentRunner$3.run(ParentRunner.java:290)
	at org.junit.runners.ParentRunner$1.schedule(ParentRunner.java:71)
	at org.junit.runners.ParentRunner.runChildren(ParentRunner.java:288)
	at org.junit.runners.ParentRunner.access$000(ParentRunner.java:58)
	at org.junit.runners.ParentRunner$2.evaluate(ParentRunner.java:268)
	at org.junit.runners.ParentRunner.run(ParentRunner.java:363)
	at org.gradle.api.internal.tasks.testing.junit.JUnitTestClassExecutor.runTestClass(JUnitTestClassExecutor.java:106)
	at org.gradle.api.internal.tasks.testing.junit.JUnitTestClassExecutor.execute(JUnitTestClassExecutor.java:58)
	at org.gradle.api.internal.tasks.testing.junit.JUnitTestClassExecutor.execute(JUnitTestClassExecutor.java:38)
	at org.gradle.api.internal.tasks.testing.junit.AbstractJUnitTestClassProcessor.processTestClass(AbstractJUnitTestClassProcessor.java:66)
	at org.gradle.api.internal.tasks.testing.SuiteTestClassProcessor.processTestClass(SuiteTestClassProcessor.java:51)
	at sun.reflect.NativeMethodAccessorImpl.invoke0(Native Method)
	at sun.reflect.NativeMethodAccessorImpl.invoke(NativeMethodAccessorImpl.java:62)
	at sun.reflect.DelegatingMethodAccessorImpl.invoke(DelegatingMethodAccessorImpl.java:43)
	at java.lang.reflect.Method.invoke(Method.java:498)
	at org.gradle.internal.dispatch.ReflectionDispatch.dispatch(ReflectionDispatch.java:35)
	at org.gradle.internal.dispatch.ReflectionDispatch.dispatch(ReflectionDispatch.java:24)
	at org.gradle.internal.dispatch.ContextClassLoaderDispatch.dispatch(ContextClassLoaderDispatch.java:32)
	at org.gradle.internal.dispatch.ProxyDispatchAdapter$DispatchingInvocationHandler.invoke(ProxyDispatchAdapter.java:93)
	at com.sun.proxy.$Proxy2.processTestClass(Unknown Source)
	at org.gradle.api.internal.tasks.testing.worker.TestWorker.processTestClass(TestWorker.java:117)
	at sun.reflect.NativeMethodAccessorImpl.invoke0(Native Method)
	at sun.reflect.NativeMethodAccessorImpl.invoke(NativeMethodAccessorImpl.java:62)
	at sun.reflect.DelegatingMethodAccessorImpl.invoke(DelegatingMethodAccessorImpl.java:43)
	at java.lang.reflect.Method.invoke(Method.java:498)
	at org.gradle.internal.dispatch.ReflectionDispatch.dispatch(ReflectionDispatch.java:35)
	at org.gradle.internal.dispatch.ReflectionDispatch.dispatch(ReflectionDispatch.java:24)
	at org.gradle.internal.remote.internal.hub.MessageHubBackedObjectConnection$DispatchWrapper.dispatch(MessageHubBackedObjectConnection.java:155)
	at org.gradle.internal.remote.internal.hub.MessageHubBackedObjectConnection$DispatchWrapper.dispatch(MessageHubBackedObjectConnection.java:137)
	at org.gradle.internal.remote.internal.hub.MessageHub$Handler.run(MessageHub.java:404)
	at org.gradle.internal.concurrent.ExecutorPolicy$CatchAndRecordFailures.onExecute(ExecutorPolicy.java:63)
	at org.gradle.internal.concurrent.ManagedExecutorImpl$1.run(ManagedExecutorImpl.java:46)
	at java.util.concurrent.ThreadPoolExecutor.runWorker(ThreadPoolExecutor.java:1149)
	at java.util.concurrent.ThreadPoolExecutor$Worker.run(ThreadPoolExecutor.java:624)
	at org.gradle.internal.concurrent.ThreadFactoryImpl$ManagedThreadRunnable.run(ThreadFactoryImpl.java:55)
	at java.lang.Thread.run(Thread.java:748)
Caused by: java.io.IOException: Error while instrumenting class org/drools/compiler/lang/DRL6Lexer.
	at org.jacoco.agent.rt.internal_8ff85ea.core.instr.Instrumenter.instrumentError(Instrumenter.java:166)
	at org.jacoco.agent.rt.internal_8ff85ea.core.instr.Instrumenter.instrument(Instrumenter.java:117)
	at org.jacoco.agent.rt.internal_8ff85ea.CoverageTransformer.transform(CoverageTransformer.java:91)
	... 79 more
Caused by: java.lang.RuntimeException: Method code too large!
	at org.jacoco.agent.rt.internal_8ff85ea.asm.MethodWriter.getSize(MethodWriter.java:2079)
	at org.jacoco.agent.rt.internal_8ff85ea.asm.ClassWriter.toByteArray(ClassWriter.java:838)
	at org.jacoco.agent.rt.internal_8ff85ea.core.instr.Instrumenter.instrument(Instrumenter.java:91)
	at org.jacoco.agent.rt.internal_8ff85ea.core.instr.Instrumenter.instrument(Instrumenter.java:114)
	... 80 more
]]></system-err>
</testsuite>
